<?xml version="1.0" encoding="UTF-8"?>
<!-- Generated by org.testng.reporters.JUnitReportReporter -->
<testsuite hostname="DESKTOP-7S0S7O2" failures="0" tests="1" name="com.it_academy.test.OnlinerTest" time="0.003" errors="0" timestamp="2022-07-11T17:18:04 CEST" skipped="0">
  <testcase classname="com.it_academy.test.OnlinerTest" name="testOnlinerBrowserTitle" time="0.003"/>
  <system-out/>
</testsuite> <!-- com.it_academy.test.OnlinerTest -->
